Name                                                                                                                             Owner                                                                                                                            Type                            Created_datetime
-------------------------------------------------------------------------------------------------------------------------------- -------------------------------------------------------------------------------------------------------------------------------- ------------------------------- -----------------------
Clinica                                                                                                                          dbo                                                                                                                              user table                      2021-08-09 00:43:20.923

 
 
Column_name                                                                                                                      Type                                                                                                                             Computed                            Length      Prec  Scale Nullable                            TrimTrailingBlanks                  FixedLenNullInSource                Collation
-------------------------------------------------------------------------------------------------------------------------------- -------------------------------------------------------------------------------------------------------------------------------- ----------------------------------- ----------- ----- ----- ----------------------------------- ----------------------------------- ----------------------------------- --------------------------------------------------------------------------------------------------------------------------------
IdClinica                                                                                                                        int                                                                                                                              no                                  4           10    0     no                                  (n/a)                               (n/a)                               NULL
NomeClinca                                                                                                                       varchar                                                                                                                          no                                  20                      no                                  no                                  no                                  Latin1_General_CI_AS
Endereco                                                                                                                         varchar                                                                                                                          no                                  40                      yes                                 no                                  yes                                 Latin1_General_CI_AS

 
Identity                                                                                                                         Seed                                    Increment                               Not For Replication
-------------------------------------------------------------------------------------------------------------------------------- --------------------------------------- --------------------------------------- -------------------
IdClinica                                                                                                                        1                                       1                                       0

 
RowGuidCol
--------------------------------------------------------------------------------------------------------------------------------
No rowguidcol column defined.

 
Data_located_on_filegroup
--------------------------------------------------------------------------------------------------------------------------------
PRIMARY

 
index_name                                                                                                                       index_description                                                                                                                                                                                                  index_keys
-------------------------------------------------------------------------------------------------------------------------------- ------------------------------------------------------------------------------------------------------------------------------------------------------------------------------------------------------------------ ----------------------------------------------------------------------------------------------------------------------------------------------------------------------------------------------------------------------------------------------------------------
PK__Clinica__52A90951F5E60F1E                                                                                                    clustered, unique, primary key located on PRIMARY                                                                                                                                                                  IdClinica
UQ__Clinica__F2841C838124221B                                                                                                    nonclustered, unique, unique key located on PRIMARY                                                                                                                                                                NomeClinca

 
constraint_type                                                                                                                                                                                                                                                  constraint_name                                                                                                                  delete_action update_action status_enabled status_for_replication constraint_keys
---------------------------------------------------------------------------------------------------------------------------------------------------------------------------------------------------------------------------------------------------------------- -------------------------------------------------------------------------------------------------------------------------------- ------------- ------------- -------------- ---------------------- ----------------------------------------------------------------------------------------------------------------------------------------------------------------------------------------------------------------------------------------------------------------
PRIMARY KEY (clustered)                                                                                                                                                                                                                                          PK__Clinica__52A90951F5E60F1E                                                                                                    (n/a)         (n/a)         (n/a)          (n/a)                  IdClinica
UNIQUE (non-clustered)                                                                                                                                                                                                                                           UQ__Clinica__F2841C838124221B                                                                                                    (n/a)         (n/a)         (n/a)          (n/a)                  NomeClinca

 
Table is referenced by foreign key
----------------------------------------------------------------------------------------------------------------------------------------------------------------------------------------------------------------------------------------------------------------
CLINICAVETERINARIO.dbo.Veterinario: FK__Veterinar__IdCli__3A81B327

Nenhuma exibição com tabela de referência de associação a esquema 'Clinica'.

Horário de conclusão: 2021-08-10T21:20:49.5055597-03:00
